actionid: py36
msg: getenv
cmdargs: ['/Users/chencheng/Documents/Projects/CarPal/Messaging-Dispatcher/.tox/py36/bin/pip', 'install', '-r/Users/chencheng/Documents/Projects/CarPal/Messaging-Dispatcher/requirements.txt']

Collecting ably (from -r /Users/chencheng/Documents/Projects/CarPal/Messaging-Dispatcher/requirements.txt (line 1))
Collecting boto3 (from -r /Users/chencheng/Documents/Projects/CarPal/Messaging-Dispatcher/requirements.txt (line 2))
  Using cached boto3-1.4.8-py2.py3-none-any.whl
Collecting botocore (from -r /Users/chencheng/Documents/Projects/CarPal/Messaging-Dispatcher/requirements.txt (line 3))
  Using cached botocore-1.8.5-py2.py3-none-any.whl
Collecting coverage (from -r /Users/chencheng/Documents/Projects/CarPal/Messaging-Dispatcher/requirements.txt (line 4))
  Using cached coverage-4.4.2-cp36-cp36m-macosx_10_12_x86_64.whl
Collecting tox (from -r /Users/chencheng/Documents/Projects/CarPal/Messaging-Dispatcher/requirements.txt (line 5))
  Using cached tox-2.9.1-py2.py3-none-any.whl
Collecting pymysql (from -r /Users/chencheng/Documents/Projects/CarPal/Messaging-Dispatcher/requirements.txt (line 6))
  Using cached PyMySQL-0.7.11-py2.py3-none-any.whl
Collecting six>=1.9.0 (from ably->-r /Users/chencheng/Documents/Projects/CarPal/Messaging-Dispatcher/requirements.txt (line 1))
  Using cached six-1.11.0-py2.py3-none-any.whl
Collecting msgpack-python>=0.4.6 (from ably->-r /Users/chencheng/Documents/Projects/CarPal/Messaging-Dispatcher/requirements.txt (line 1))
Collecting requests<2.8,>=2.7.0 (from ably->-r /Users/chencheng/Documents/Projects/CarPal/Messaging-Dispatcher/requirements.txt (line 1))
  Using cached requests-2.7.0-py2.py3-none-any.whl
Collecting pycrypto>=2.6.1 (from ably->-r /Users/chencheng/Documents/Projects/CarPal/Messaging-Dispatcher/requirements.txt (line 1))
Collecting s3transfer<0.2.0,>=0.1.10 (from boto3->-r /Users/chencheng/Documents/Projects/CarPal/Messaging-Dispatcher/requirements.txt (line 2))
  Using cached s3transfer-0.1.12-py2.py3-none-any.whl
Collecting jmespath<1.0.0,>=0.7.1 (from boto3->-r /Users/chencheng/Documents/Projects/CarPal/Messaging-Dispatcher/requirements.txt (line 2))
  Using cached jmespath-0.9.3-py2.py3-none-any.whl
Collecting docutils>=0.10 (from botocore->-r /Users/chencheng/Documents/Projects/CarPal/Messaging-Dispatcher/requirements.txt (line 3))
  Using cached docutils-0.14-py3-none-any.whl
Collecting python-dateutil<3.0.0,>=2.1 (from botocore->-r /Users/chencheng/Documents/Projects/CarPal/Messaging-Dispatcher/requirements.txt (line 3))
  Using cached python_dateutil-2.6.1-py2.py3-none-any.whl
Collecting pluggy<1.0,>=0.3.0 (from tox->-r /Users/chencheng/Documents/Projects/CarPal/Messaging-Dispatcher/requirements.txt (line 5))
Collecting virtualenv>=1.11.2; python_version != "3.2" (from tox->-r /Users/chencheng/Documents/Projects/CarPal/Messaging-Dispatcher/requirements.txt (line 5))
  Using cached virtualenv-15.1.0-py2.py3-none-any.whl
Collecting py>=1.4.17 (from tox->-r /Users/chencheng/Documents/Projects/CarPal/Messaging-Dispatcher/requirements.txt (line 5))
  Using cached py-1.5.2-py2.py3-none-any.whl
Installing collected packages: six, msgpack-python, requests, pycrypto, ably, docutils, jmespath, python-dateutil, botocore, s3transfer, boto3, coverage, pluggy, virtualenv, py, tox, pymysql
Successfully installed ably-1.0.0 boto3-1.4.8 botocore-1.8.5 coverage-4.4.2 docutils-0.14 jmespath-0.9.3 msgpack-python-0.4.8 pluggy-0.6.0 py-1.5.2 pycrypto-2.6.1 pymysql-0.7.11 python-dateutil-2.6.1 requests-2.7.0 s3transfer-0.1.12 six-1.11.0 tox-2.9.1 virtualenv-15.1.0
